Determining if the pthread_create exist failed with the following output:
Change Dir: /home/ubuntu/VisionObjectDetection/build/CMakeFiles/CMakeTmp

Run Build Command:"/usr/bin/make" "cmTC_9de82/fast"
/usr/bin/make -f CMakeFiles/cmTC_9de82.dir/build.make CMakeFiles/cmTC_9de82.dir/build
make[1]: Entering directory '/home/ubuntu/VisionObjectDetection/build/CMakeFiles/CMakeTmp'
Building C object CMakeFiles/cmTC_9de82.dir/CheckSymbolExists.c.o
/usr/bin/cc    -fPIC    -o CMakeFiles/cmTC_9de82.dir/CheckSymbolExists.c.o   -c /home/ubuntu/VisionObjectDetection/build/CMakeFiles/CMakeTmp/CheckSymbolExists.c
Linking C executable cmTC_9de82
/usr/bin/cmake -E cmake_link_script CMakeFiles/cmTC_9de82.dir/link.txt --verbose=1
/usr/bin/cc  -fPIC     CMakeFiles/cmTC_9de82.dir/CheckSymbolExists.c.o  -o cmTC_9de82 -rdynamic 
CMakeFiles/cmTC_9de82.dir/CheckSymbolExists.c.o: In function `main':
CheckSymbolExists.c:(.text+0x14): undefined reference to `pthread_create'
CheckSymbolExists.c:(.text+0x18): undefined reference to `pthread_create'
collect2: error: ld returned 1 exit status
CMakeFiles/cmTC_9de82.dir/build.make:97: recipe for target 'cmTC_9de82' failed
make[1]: *** [cmTC_9de82] Error 1
make[1]: Leaving directory '/home/ubuntu/VisionObjectDetection/build/CMakeFiles/CMakeTmp'
Makefile:126: recipe for target 'cmTC_9de82/fast' failed
make: *** [cmTC_9de82/fast] Error 2

File /home/ubuntu/VisionObjectDetection/build/CMakeFiles/CMakeTmp/CheckSymbolExists.c:
/* */
#include <pthread.h>

int main(int argc, char** argv)
{
  (void)argv;
#ifndef pthread_create
  return ((int*)(&pthread_create))[argc];
#else
  (void)argc;
  return 0;
#endif
}

Determining if the function pthread_create exists in the pthreads failed with the following output:
Change Dir: /home/ubuntu/VisionObjectDetection/build/CMakeFiles/CMakeTmp

Run Build Command:"/usr/bin/make" "cmTC_21345/fast"
/usr/bin/make -f CMakeFiles/cmTC_21345.dir/build.make CMakeFiles/cmTC_21345.dir/build
make[1]: Entering directory '/home/ubuntu/VisionObjectDetection/build/CMakeFiles/CMakeTmp'
Building C object CMakeFiles/cmTC_21345.dir/CheckFunctionExists.c.o
/usr/bin/cc    -fPIC -DCHECK_FUNCTION_EXISTS=pthread_create   -o CMakeFiles/cmTC_21345.dir/CheckFunctionExists.c.o   -c /usr/share/cmake-3.5/Modules/CheckFunctionExists.c
Linking C executable cmTC_21345
/usr/bin/cmake -E cmake_link_script CMakeFiles/cmTC_21345.dir/link.txt --verbose=1
/usr/bin/cc  -fPIC -DCHECK_FUNCTION_EXISTS=pthread_create    CMakeFiles/cmTC_21345.dir/CheckFunctionExists.c.o  -o cmTC_21345 -rdynamic -lpthreads 
/usr/bin/ld: cannot find -lpthreads
collect2: error: ld returned 1 exit status
CMakeFiles/cmTC_21345.dir/build.make:97: recipe for target 'cmTC_21345' failed
make[1]: *** [cmTC_21345] Error 1
make[1]: Leaving directory '/home/ubuntu/VisionObjectDetection/build/CMakeFiles/CMakeTmp'
Makefile:126: recipe for target 'cmTC_21345/fast' failed
make: *** [cmTC_21345/fast] Error 2


